\BOOKMARK [0][-]{chapter.1}{\376\377\000\332\000v\000o\000d}{}% 1
\BOOKMARK [0][-]{chapter.2}{\376\377\000S\000t\000u\000d\000i\000u\000m\000\040\000p\000r\000o\000b\000l\000e\000m\000a\000t\000i\000k\000y}{}% 2
\BOOKMARK [1][-]{section.2.1}{\376\377\000G\000e\000n\000e\000a\000l\000o\000g\000i\000e}{chapter.2}% 3
\BOOKMARK [2][-]{subsection.2.1.1}{\376\377\000G\000e\000n\000e\000a\000l\000o\000g\000i\000c\000k\000\351\000\040\000d\000i\000a\000g\000r\000a\000m\000y}{section.2.1}% 4
\BOOKMARK [1][-]{section.2.2}{\376\377\000M\000a\000t\000r\000i\000k\000y}{chapter.2}% 5
\BOOKMARK [2][-]{subsection.2.2.1}{\376\377\000M\000a\000t\000r\000i\000k\000y\000\040\000n\000a\000r\000o\000z\000e\000n\000\355}{section.2.2}% 6
\BOOKMARK [2][-]{subsection.2.2.2}{\376\377\000M\000a\000t\000r\000i\000k\000y\000\040\000\372\000m\000r\000t\000\355}{section.2.2}% 7
\BOOKMARK [2][-]{subsection.2.2.3}{\376\377\000M\000a\000t\000r\000i\000k\000y\000\040\000o\000d\000d\000\341\000n\000\355}{section.2.2}% 8
\BOOKMARK [2][-]{subsection.2.2.4}{\376\377\000D\000i\000g\000i\000t\000a\000l\000i\000z\000a\000c\000e}{section.2.2}% 9
\BOOKMARK [1][-]{section.2.3}{\376\377\000G\000E\000D\000C\000O\000M}{chapter.2}% 10
\BOOKMARK [2][-]{subsection.2.3.1}{\376\377\000P\000o\000p\000i\000s\000\040\000f\000o\000r\000m\000\341\000t\000u}{section.2.3}% 11
\BOOKMARK [0][-]{chapter.3}{\376\377\000A\000n\000a\000l\000\375\000z\000a\000\040\000p\000o\001\176\000a\000d\000a\000v\000k\001\157\000\040\000a\000\040\000n\000\341\000v\000r\000h\000\040\001\131\000e\001\141\000e\000n\000\355}{}% 12
\BOOKMARK [1][-]{section.3.1}{\376\377\000C\000\355\000l\000\040\000p\000r\000\341\000c\000e}{chapter.3}% 13
\BOOKMARK [1][-]{section.3.2}{\376\377\000U\001\176\000i\000v\000a\000t\000e\000l\000\040\000a\000\040\000j\000e\000h\000o\000\040\000p\000o\000t\001\131\000e\000b\000y}{chapter.3}% 14
\BOOKMARK [1][-]{section.3.3}{\376\377\000N\000\341\000v\000r\000h\000\040\000d\000a\000t\000a\000b\000\341\000z\000e}{chapter.3}% 15
\BOOKMARK [1][-]{section.3.4}{\376\377\000N\000\341\000v\000r\000h\000\040\000u\001\176\000i\000v\000a\000t\000e\000l\000s\000k\000\351\000h\000o\000\040\000p\000r\000o\000s\000t\001\131\000e\000d\000\355}{chapter.3}% 16
\BOOKMARK [0][-]{chapter.4}{\376\377\000P\000o\000u\001\176\000i\000t\000\351\000\040\000t\000e\000c\000h\000n\000o\000l\000o\000g\000i\000e}{}% 17
\BOOKMARK [1][-]{section.4.1}{\376\377\000P\000y\000t\000h\000o\000n}{chapter.4}% 18
\BOOKMARK [1][-]{section.4.2}{\376\377\000P\000H\000P}{chapter.4}% 19
\BOOKMARK [2][-]{subsection.4.2.1}{\376\377\000L\000a\000r\000a\000v\000e\000l}{section.4.2}% 20
\BOOKMARK [1][-]{section.4.3}{\376\377\000H\000T\000M\000L}{chapter.4}% 21
\BOOKMARK [1][-]{section.4.4}{\376\377\000J\000a\000v\000a\000S\000c\000r\000i\000p\000t}{chapter.4}% 22
\BOOKMARK [2][-]{subsection.4.4.1}{\376\377\000j\000Q\000u\000e\000r\000y}{section.4.4}% 23
\BOOKMARK [2][-]{subsection.4.4.2}{\376\377\000A\000j\000a\000x}{section.4.4}% 24
\BOOKMARK [1][-]{section.4.5}{\376\377\000J\000S\000O\000N}{chapter.4}% 25
\BOOKMARK [1][-]{section.4.6}{\376\377\000M\000y\000S\000Q\000L}{chapter.4}% 26
\BOOKMARK [0][-]{chapter.5}{\376\377\000I\000m\000p\000l\000e\000m\000e\000n\000t\000a\000c\000e}{}% 27
\BOOKMARK [1][-]{section.5.1}{\376\377\000P\001\131\000\355\000p\000r\000a\000v\000a\000\040\000d\000a\000t}{chapter.5}% 28
\BOOKMARK [2][-]{subsection.5.1.1}{\376\377\000\332\000z\000e\000m\000\355\000\040\001\014\000e\000s\000k\000\351\000\040\000r\000e\000p\000u\000b\000l\000i\000k\000y}{section.5.1}% 29
\BOOKMARK [2][-]{subsection.5.1.2}{\376\377\000M\000a\000t\000r\000i\000k\000y}{section.5.1}% 30
\BOOKMARK [1][-]{section.5.2}{\376\377\000G\000E\000D\000C\000O\000M\000\040\000p\000a\000r\000s\000e\000r}{chapter.5}% 31
\BOOKMARK [1][-]{section.5.3}{\376\377\000M\000a\000t\000c\000h\000e\000r}{chapter.5}% 32
\BOOKMARK [2][-]{subsection.5.3.1}{\376\377\000U\000d\000\341\000l\000o\000s\000t\000\040\000n\000a\000r\000o\000z\000e\000n\000\355}{section.5.3}% 33
\BOOKMARK [2][-]{subsection.5.3.2}{\376\377\000U\000d\000\341\000l\000o\000s\000t\000\040\000\372\000m\000r\000t\000\355}{section.5.3}% 34
\BOOKMARK [2][-]{subsection.5.3.3}{\376\377\000U\000d\000\341\000l\000o\000s\000t\000\040\000o\000d\000d\000\341\000n\000\355}{section.5.3}% 35
\BOOKMARK [1][-]{section.5.4}{\376\377\000W\000e\000b\000o\000v\000\341\000\040\000a\000p\000l\000i\000k\000a\000c\000e}{chapter.5}% 36
\BOOKMARK [2][-]{subsection.5.4.1}{\376\377\000M\000o\000d\000e\000l}{section.5.4}% 37
\BOOKMARK [2][-]{subsection.5.4.2}{\376\377\000V\000i\000e\000w}{section.5.4}% 38
\BOOKMARK [2][-]{subsection.5.4.3}{\376\377\000C\000o\000n\000t\000r\000o\000l\000l\000e\000r}{section.5.4}% 39
\BOOKMARK [0][-]{chapter.6}{\376\377\000T\000e\000s\000t\000o\000v\000\341\000n\000\355\000\040\000a\000\040\000o\000p\000t\000i\000m\000a\000l\000i\000z\000a\000c\000e}{}% 40
\BOOKMARK [0][-]{chapter.7}{\376\377\000Z\000\341\000v\001\033\000r}{}% 41
\BOOKMARK [0][-]{chapter*.43}{\376\377\000L\000i\000t\000e\000r\000a\000t\000u\000r\000a}{}% 42
\BOOKMARK [0][-]{appendix.A}{\376\377\000O\000b\000s\000a\000h\000\040\000p\001\131\000i\000l\000o\001\176\000e\000n\000\351\000h\000o\000\040\000p\000a\000m\001\033\001\145\000o\000v\000\351\000h\000o\000\040\000m\000\351\000d\000i\000a}{}% 43
\BOOKMARK [0][-]{appendix.B}{\376\377\000L\000o\000k\000\341\000l\000n\000\355\000\040\000i\000n\000s\000t\000a\000l\000a\000c\000e}{}% 44
